I1127 17:41:57.178788 11898 convert_annoset.cpp:122] A total of 38449 images.
I1127 17:41:57.181782 11898 db_lmdb.cpp:35] Opened lmdb /home/wangjilong/data/zhili_neg/lmdb/zhili_neg_train_lmdb
W1127 17:42:00.372031 11898 io.cpp:444] /home/wangjilong/data/zhili_neg/Annotations/130281199801130518_M_000_coatgo.json bounding box exceeds image boundary.
I1127 17:43:08.324710 11898 convert_annoset.cpp:195] Processed 1000 files.
I1127 17:44:29.647905 11898 convert_annoset.cpp:195] Processed 2000 files.
I1127 17:45:52.822500 11898 convert_annoset.cpp:195] Processed 3000 files.
I1127 17:47:13.162531 11898 convert_annoset.cpp:195] Processed 4000 files.
I1127 17:48:34.309432 11898 convert_annoset.cpp:195] Processed 5000 files.
I1127 17:49:59.232972 11898 convert_annoset.cpp:195] Processed 6000 files.
I1127 17:51:16.239557 11898 convert_annoset.cpp:195] Processed 7000 files.
I1127 17:52:38.342167 11898 convert_annoset.cpp:195] Processed 8000 files.
I1127 17:53:58.781620 11898 convert_annoset.cpp:195] Processed 9000 files.
I1127 17:55:14.287628 11898 convert_annoset.cpp:195] Processed 10000 files.
I1127 17:56:37.651402 11898 convert_annoset.cpp:195] Processed 11000 files.
W1127 17:56:40.870836 11898 io.cpp:444] /home/wangjilong/data/zhili_neg/Annotations/130524199804014511_M_000_shirtgo.json bounding box exceeds image boundary.
W1127 17:56:50.644572 11898 io.cpp:444] /home/wangjilong/data/zhili_neg/Annotations/622424199509062839_M_000_coatreturn.json bounding box exceeds image boundary.
I1127 17:57:57.806335 11898 convert_annoset.cpp:195] Processed 12000 files.
I1127 17:59:19.068572 11898 convert_annoset.cpp:195] Processed 13000 files.
I1127 18:00:34.287159 11898 convert_annoset.cpp:195] Processed 14000 files.
I1127 18:01:51.949539 11898 convert_annoset.cpp:195] Processed 15000 files.
I1127 18:03:14.767763 11898 convert_annoset.cpp:195] Processed 16000 files.
I1127 18:04:33.163054 11898 convert_annoset.cpp:195] Processed 17000 files.
I1127 18:05:52.426774 11898 convert_annoset.cpp:195] Processed 18000 files.
I1127 18:07:10.689982 11898 convert_annoset.cpp:195] Processed 19000 files.
I1127 18:08:32.816241 11898 convert_annoset.cpp:195] Processed 20000 files.
I1127 18:09:50.207805 11898 convert_annoset.cpp:195] Processed 21000 files.
I1127 18:11:08.953588 11898 convert_annoset.cpp:195] Processed 22000 files.
I1127 18:12:32.425752 11898 convert_annoset.cpp:195] Processed 23000 files.
W1127 18:12:59.515362 11898 io.cpp:450] /home/wangjilong/data/zhili_neg/Annotations/04_009.json bounding box irregular.
I1127 18:13:52.463599 11898 convert_annoset.cpp:195] Processed 24000 files.
I1127 18:15:11.667783 11898 convert_annoset.cpp:195] Processed 25000 files.
I1127 18:16:35.797395 11898 convert_annoset.cpp:195] Processed 26000 files.
I1127 18:17:56.418319 11898 convert_annoset.cpp:195] Processed 27000 files.
I1127 18:19:14.527876 11898 convert_annoset.cpp:195] Processed 28000 files.
W1127 18:19:56.378803 11898 io.cpp:444] /home/wangjilong/data/zhili_neg/Annotations/C0708_MP43978.json bounding box exceeds image boundary.
I1127 18:20:34.872736 11898 convert_annoset.cpp:195] Processed 29000 files.
I1127 18:21:54.126247 11898 convert_annoset.cpp:195] Processed 30000 files.
I1127 18:23:10.890071 11898 convert_annoset.cpp:195] Processed 31000 files.
I1127 18:24:27.714468 11898 convert_annoset.cpp:195] Processed 32000 files.
I1127 18:25:44.356895 11898 convert_annoset.cpp:195] Processed 33000 files.
W1127 18:26:24.422255 11898 io.cpp:377] /home/wangjilong/data/zhili_neg/Annotations/body_jxd_170417_313.json inconsistent image height.
W1127 18:26:24.422333 11898 io.cpp:379] /home/wangjilong/data/zhili_neg/Annotations/body_jxd_170417_313.json inconsistent image width.
I1127 18:26:59.899320 11898 convert_annoset.cpp:195] Processed 34000 files.
I1127 18:28:20.392100 11898 convert_annoset.cpp:195] Processed 35000 files.
W1127 18:28:50.488843 11898 io.cpp:444] /home/wangjilong/data/zhili_neg/Annotations/130426199708142318_M_000_coatgo.json bounding box exceeds image boundary.
I1127 18:29:43.205786 11898 convert_annoset.cpp:195] Processed 36000 files.
I1127 18:31:00.735507 11898 convert_annoset.cpp:195] Processed 37000 files.
I1127 18:32:19.849129 11898 convert_annoset.cpp:195] Processed 38000 files.
I1127 18:32:54.748941 11898 convert_annoset.cpp:201] Processed 38449 files.
/home/wangjilong/pedestrian/RefineDet/build/tools/convert_annoset --anno_type=detection --label_type=json --label_map_file=/home/wangjilong/pedestrian/RefineDet/data/zhili_neg/../../data/zhili_neg/labelmap_coco.prototxt --check_label=True --min_dim=0 --max_dim=0 --resize_height=0 --resize_width=0 --backend=lmdb --shuffle=False --check_size=False --encode_type=jpg --encoded=True --gray=False /home/wangjilong/data/zhili_neg/ /home/wangjilong/pedestrian/RefineDet/data/zhili_neg/../../data/zhili_neg/train.txt /home/wangjilong/data/zhili_neg/lmdb/zhili_neg_train_lmdb
